Build started 23-Dec-13 00:17:09.
     1>Project "E:\opencv-laboratory\Samples\Laboratory\Laboratory.vcxproj" on node 2 (build target(s)).
     1>InitializeBuildStatus:
         Creating "Debug\Laboratory.unsuccessfulbuild" because "AlwaysCreate" was specified.
       ClCompile:
         All outputs are up-to-date.
         All outputs are up-to-date.
       ManifestResourceCompile:
         All outputs are up-to-date.
       Link:
         All outputs are up-to-date.
       Manifest:
         All outputs are up-to-date.
       CustomBuildStep:
       Skipping target "CustomBuildStep" because it has no outputs.
       CustomBuildStep:
       Skipping target "CustomBuildStep" because it has no outputs.
       FinalizeBuildStatus:
         Deleting file "Debug\Laboratory.unsuccessfulbuild".
         Touching "Debug\Laboratory.lastbuildstate".
     1>Done Building Project "E:\opencv-laboratory\Samples\Laboratory\Laboratory.vcxproj" (build target(s)).

Build succeeded.

Time Elapsed 00:00:00.16
